<?xml version="1.0" encoding="UTF-8"?>
<testng-results ignored="0" total="1" passed="1" failed="0" skipped="0">
  <reporter-output>
  </reporter-output>
  <suite started-at="2024-04-25T15:07:21 IST" name="Default suite" finished-at="2024-04-25T15:07:21 IST" duration-ms="11">
    <groups>
    </groups>
    <test started-at="2024-04-25T15:07:21 IST" name="Default test" finished-at="2024-04-25T15:07:21 IST" duration-ms="11">
      <class name="src.main.java.Testngexample">
        <test-method is-config="true" signature="bsuite()[pri:0, instance:src.main.java.Testngexample@2145b572]" started-at="2024-04-25T15:07:21 IST" name="bsuite" finished-at="2024-04-25T15:07:21 IST" duration-ms="2" status="PASS">
          <reporter-output>
          </reporter-output>
        </test-method> <!-- bsuite -->
        <test-method is-config="true" signature="btest()[pri:0, instance:src.main.java.Testngexample@2145b572]" started-at="2024-04-25T15:07:21 IST" name="btest" finished-at="2024-04-25T15:07:21 IST" duration-ms="1" status="PASS">
          <reporter-output>
          </reporter-output>
        </test-method> <!-- btest -->
        <test-method is-config="true" signature="bclass()[pri:0, instance:src.main.java.Testngexample@2145b572]" started-at="2024-04-25T15:07:21 IST" name="bclass" finished-at="2024-04-25T15:07:21 IST" duration-ms="1" status="PASS">
          <reporter-output>
          </reporter-output>
        </test-method> <!-- bclass -->
        <test-method is-config="true" signature="bmethod()[pri:0, instance:src.main.java.Testngexample@2145b572]" started-at="2024-04-25T15:07:21 IST" name="bmethod" finished-at="2024-04-25T15:07:21 IST" duration-ms="0" status="PASS">
          <reporter-output>
          </reporter-output>
        </test-method> <!-- bmethod -->
        <test-method signature="testcase()[pri:0, instance:src.main.java.Testngexample@2145b572]" started-at="2024-04-25T15:07:21 IST" name="testcase" finished-at="2024-04-25T15:07:21 IST" duration-ms="2" status="PASS">
          <reporter-output>
          </reporter-output>
        </test-method> <!-- testcase -->
        <test-method is-config="true" signature="amethod()[pri:0, instance:src.main.java.Testngexample@2145b572]" started-at="2024-04-25T15:07:21 IST" name="amethod" finished-at="2024-04-25T15:07:21 IST" duration-ms="0" status="PASS">
          <reporter-output>
          </reporter-output>
        </test-method> <!-- amethod -->
        <test-method is-config="true" signature="aclass()[pri:0, instance:src.main.java.Testngexample@2145b572]" started-at="2024-04-25T15:07:21 IST" name="aclass" finished-at="2024-04-25T15:07:21 IST" duration-ms="0" status="PASS">
          <reporter-output>
          </reporter-output>
        </test-method> <!-- aclass -->
        <test-method is-config="true" signature="atest()[pri:0, instance:src.main.java.Testngexample@2145b572]" started-at="2024-04-25T15:07:21 IST" name="atest" finished-at="2024-04-25T15:07:21 IST" duration-ms="0" status="PASS">
          <reporter-output>
          </reporter-output>
        </test-method> <!-- atest -->
        <test-method is-config="true" signature="Asuite()[pri:0, instance:src.main.java.Testngexample@2145b572]" started-at="2024-04-25T15:07:21 IST" name="Asuite" finished-at="2024-04-25T15:07:21 IST" duration-ms="1" status="PASS">
          <reporter-output>
          </reporter-output>
        </test-method> <!-- Asuite -->
      </class> <!-- src.main.java.Testngexample -->
    </test> <!-- Default test -->
  </suite> <!-- Default suite -->
</testng-results>
